2023-10-15 21:14:14,110 - __main__ - INFO - Row 0: File     src-test.NullRecordTranslator
Class             NullRecordTranslator
isDC                                 1
isGC                                 0
Name: 0, dtype: object
2023-10-15 21:14:14,111 - __main__ - INFO - Row 1: File     src-test.bolt.KafkaBoltTest
Class                  KafkaBoltTest
isDC                               1
isGC                               0
Name: 1, dtype: object
2023-10-15 21:14:14,550 - __main__ - INFO - Row 0: File      src-test.NullRecordTranslator
Method                            apply
isFE                                  1
isLM                                  0
Name: 0, dtype: object
2023-10-15 21:14:14,550 - __main__ - INFO - Row 1: File      src-test.NullRecordTranslator
Method                     getFieldsFor
isFE                                  1
isLM                                  1
Name: 1, dtype: object
2023-10-15 21:14:14,551 - __main__ - INFO - Row 2: File      src-test.NullRecordTranslator
Method                          streams
isFE                                  1
isLM                                  0
Name: 2, dtype: object
2023-10-15 21:14:14,551 - __main__ - INFO - Row 3: File      src-test.KafkaUnit
Method                 setUp
isFE                       1
isLM                       0
Name: 3, dtype: object
2023-10-15 21:14:14,552 - __main__ - INFO - Row 4: File      src-test.KafkaUnit
Method              tearDown
isFE                       1
isLM                       0
Name: 4, dtype: object
2023-10-15 21:14:14,552 - __main__ - INFO - Row 5: File      src-test.KafkaUnit
Method           createTopic
isFE                       1
isLM                       1
Name: 5, dtype: object
2023-10-15 21:14:14,553 - __main__ - INFO - Row 6: File      src-test.KafkaUnit
Method          getKafkaPort
isFE                       1
isLM                       0
Name: 6, dtype: object
2023-10-15 21:14:14,553 - __main__ - INFO - Row 7: File      src-test.KafkaUnit
Method        createProducer
isFE                       1
isLM                       0
Name: 7, dtype: object
2023-10-15 21:14:14,554 - __main__ - INFO - Row 8: File      src-test.KafkaUnit
Method           sendMessage
isFE                       1
isLM                       0
Name: 8, dtype: object
2023-10-15 21:14:14,554 - __main__ - INFO - Row 9: File      src-test.KafkaUnit
Method         closeProducer
isFE                       1
isLM                       0
Name: 9, dtype: object
2023-10-15 21:14:14,555 - __main__ - INFO - Row 10: File      src-test.KafkaUnitRule
Method                    before
isFE                           1
isLM                           0
Name: 10, dtype: object
2023-10-15 21:14:14,555 - __main__ - INFO - Row 11: File      src-test.KafkaUnitRule
Method                     after
isFE                           1
isLM                           0
Name: 11, dtype: object
2023-10-15 21:14:14,555 - __main__ - INFO - Row 12: File      src-test.KafkaUnitRule
Method              getKafkaUnit
isFE                           1
isLM                           0
Name: 12, dtype: object
2023-10-15 21:14:14,556 - __main__ - INFO - Row 13: File      src-test.bolt.KafkaBoltTest
Method                         answer
isFE                                1
isLM                                0
Name: 13, dtype: object
2023-10-15 21:14:14,556 - __main__ - INFO - Row 14: File      src-test.bolt.KafkaBoltTest
Method                     mkProducer
isFE                                1
isLM                                0
Name: 14, dtype: object
2023-10-15 21:14:14,557 - __main__ - INFO - Row 15: File      src-test.bolt.KafkaBoltTest
Method                        matches
isFE                                1
isLM                                0
Name: 15, dtype: object
